
Showing logs for build [32mcb-kubecd-environment-pr-192-18-ptz2p-1[0m stage [32mfrom-build-pack[0m and container [32mstep-credential-initializer-rkllc[0m
{"level":"warn","ts":1585695065.7787285,"logger":"fallback-logger","caller":"logging/config.go:69","msg":"Fetch GitHub commit ID from kodata failed: \"ref: refs/heads/0.8.0-**-support-backwards-incompats\" is not a valid GitHub commit ID"}
{"level":"info","ts":1585695065.7795997,"logger":"fallback-logger","caller":"creds-init/main.go:40","msg":"Credentials initialized."}

Showing logs for build [32mcb-kubecd-environment-pr-192-18-ptz2p-1[0m stage [32mfrom-build-pack[0m and container [32mstep-working-dir-initializer-2sptr[0m
{"level":"warn","ts":1585695066.7926173,"logger":"fallback-logger","caller":"logging/config.go:69","msg":"Fetch GitHub commit ID from kodata failed: open /var/run/ko/HEAD: no such file or directory"}
{"level":"info","ts":1585695066.7944832,"logger":"fallback-logger","caller":"bash/main.go:64","msg":"Successfully executed command \"sh -c mkdir -p /workspace/source\"; output "}

Showing logs for build [32mcb-kubecd-environment-pr-192-18-ptz2p-1[0m stage [32mfrom-build-pack[0m and container [32mstep-place-tools[0m

Showing logs for build [32mcb-kubecd-environment-pr-192-18-ptz2p-1[0m stage [32mfrom-build-pack[0m and container [32mstep-git-source-cb-kubecd-environment-pr-192-18-ptz2p-llmnv[0m
{"level":"warn","ts":1585695071.913488,"logger":"fallback-logger","caller":"logging/config.go:69","msg":"Fetch GitHub commit ID from kodata failed: \"ref: refs/heads/0.8.0-**-support-backwards-incompats\" is not a valid GitHub commit ID"}
{"level":"info","ts":1585695072.969572,"logger":"fallback-logger","caller":"git/git.go:103","msg":"Successfully cloned https://github.com/cb-kubecd/environment-pr-192-18-boot-vault-gke-production.git @ master in path /workspace/source"}

Showing logs for build [32mcb-kubecd-environment-pr-192-18-ptz2p-1[0m stage [32mfrom-build-pack[0m and container [32mstep-git-merge[0m
Using SHAs from PULL_REFS=master:8b6f13e96aefcf0123e6a2290d141a596bbc8198,1:8d4cdea5f57a4e00953583728f82f07fdf280f13
DEBUG: JX_LOG_LEVEL=error LC_ALL=C git fetch origin --unshallow 8d4cdea5f57a4e00953583728f82f07fdf280f13: 8b6f13e96aefcf0123e6a2290d141a596bbc8198:
DEBUG: ran git fetch --unshallow origin 8d4cdea5f57a4e00953583728f82f07fdf280f13: 8b6f13e96aefcf0123e6a2290d141a596bbc8198: in 
DEBUG: LC_ALL=C JX_LOG_LEVEL=error git branch
DEBUG: LC_ALL=C JX_LOG_LEVEL=error git checkout master
DEBUG: ran git checkout master in 
DEBUG: LC_ALL=C JX_LOG_LEVEL=error git reset --hard 8b6f13e96aefcf0123e6a2290d141a596bbc8198
DEBUG: ran git reset --hard 8b6f13e96aefcf0123e6a2290d141a596bbc8198 in 
DEBUG: LC_ALL=C JX_LOG_LEVEL=error git clean -fd .
DEBUG: ran clean --force -d . in 
DEBUG: JX_LOG_LEVEL=error LC_ALL=C git merge 8d4cdea5f57a4e00953583728f82f07fdf280f13
DEBUG: ran git merge 8d4cdea5f57a4e00953583728f82f07fdf280f13 in 
DEBUG: JX_LOG_LEVEL=error LC_ALL=C git log --format=%H%x1f%an%x1f%ae%x1f%cn%x1f%ce%x1f%s%n%b%x1e 8b6f13e96aefcf0123e6a2290d141a596bbc8198..HEAD
Merged SHA 8d4cdea5f57a4e00953583728f82f07fdf280f13 with commit message 'chore: Promote bdd-spring-1585693856 to version 0.0.1' into base branch master

Showing logs for build [32mcb-kubecd-environment-pr-192-18-ptz2p-1[0m stage [32mfrom-build-pack[0m and container [32mstep-build-helm-build[0m
WARNING: No $CHART_REPOSITORY defined so using the default value of: http://jenkins-x-chartmuseum:8080
Adding missing Helm repo: storage.googleapis.com https://storage.googleapis.com/chartmuseum.jenkins-x.io
WARNING: No secrets found on "helm/repos" due: reading the secret "helm/repos" from vault: no secret "helm/repos" not found in vault
Read credentials for https://storage.googleapis.com/chartmuseum.jenkins-x.io from vault helm/repos
Successfully added Helm repository storage.googleapis.com.
Adding missing Helm repo: jenkins-x-chartmuseum http://jenkins-x-chartmuseum:8080
WARNING: No secrets found on "helm/repos" due: reading the secret "helm/repos" from vault: no secret "helm/repos" not found in vault
Read credentials for http://jenkins-x-chartmuseum:8080 from vault helm/repos
Successfully added Helm repository jenkins-x-chartmuseum.
WARNING: No $CHART_REPOSITORY defined so using the default value of: http://jenkins-x-chartmuseum:8080
Adding missing Helm repo: chartmuseum.jenkins-x.io http://chartmuseum.jenkins-x.io
WARNING: No secrets found on "helm/repos" due: reading the secret "helm/repos" from vault: no secret "helm/repos" not found in vault
Read credentials for http://chartmuseum.jenkins-x.io from vault helm/repos
Successfully added Helm repository chartmuseum.jenkins-x.io.
